2020-12-16 00:13:42 project0ColinEventLogger [INFO] Program started
2020-12-16 00:13:49 project0ColinEventLogger [INFO] login 
2020-12-16 00:13:49 project0ColinEventLogger [INFO] Current User null User Not Found
2020-12-16 00:13:56 project0ColinEventLogger [INFO] login colin
2020-12-16 00:14:26 project0ColinEventLogger [INFO] registerNewCustomerAccount alec a
2020-12-16 00:14:40 project0ColinEventLogger [INFO] Current User colin Wrong Number of Arguments Passed
Excepted 3 Got 2
2020-12-16 00:14:46 project0ColinEventLogger [INFO] registerNewCustomerAccount alec a
2020-12-16 00:14:46 project0ColinEventLogger [INFO] Current User colin ERROR: duplicate key value violates unique constraint "customers_pkey"
  Detail: Key (username)=(alec) already exists.
2020-12-16 00:14:57 project0ColinEventLogger [INFO] viewPendingAccountsForCustomer eric
2020-12-16 00:14:57 project0ColinEventLogger [INFO] Current User colin Account Not Found
2020-12-16 00:15:06 project0ColinEventLogger [INFO] viewPendingAccountsForCustomer erica
2020-12-16 00:15:27 project0ColinEventLogger [INFO] viewPendingAccountsForCustomer erica
2020-12-16 00:15:46 project0ColinEventLogger [INFO] viewCustomer erica
2020-12-16 00:16:26 project0ColinEventLogger [INFO] approveAccount erica 1
2020-12-16 00:16:26 project0ColinEventLogger [INFO] Current User colin Account Not Found
2020-12-16 00:16:32 project0ColinEventLogger [INFO] approveAccount erica 2
2020-12-16 00:16:40 project0ColinEventLogger [INFO] approveAccount erica 4
2020-12-16 00:17:14 project0ColinEventLogger [INFO] declineAccount erica 6
2020-12-16 00:17:24 project0ColinEventLogger [INFO] declineAccount erica 4
2020-12-16 00:17:24 project0ColinEventLogger [INFO] Current User colin Invalid Account State
Excepted PENDING Got APPROVED
2020-12-16 00:17:37 project0ColinEventLogger [INFO] viewCustomer erica
2020-12-16 00:17:47 project0ColinEventLogger [INFO] viewTransactionLogs
2020-12-16 00:18:04 project0ColinEventLogger [INFO] logoutcolin
2020-12-16 00:18:12 project0ColinEventLogger [INFO] login colin
2020-12-16 00:18:12 project0ColinEventLogger [INFO] Current User null User Not Found
2020-12-16 00:18:19 project0ColinEventLogger [INFO] login erica
2020-12-16 00:18:19 project0ColinEventLogger [INFO] Current User null User Not Found
2020-12-16 00:18:27 project0ColinEventLogger [INFO] login erica
2020-12-16 00:18:58 project0ColinEventLogger [INFO] registerNewCustomerAccount alec a
2020-12-16 00:18:59 project0ColinEventLogger [INFO] Current User erica ERROR: duplicate key value violates unique constraint "customers_pkey"
  Detail: Key (username)=(alec) already exists.
2020-12-16 00:19:09 project0ColinEventLogger [INFO] registerNewCustomerAccount joe j
2020-12-16 00:19:16 project0ColinEventLogger [INFO] logouterica
2020-12-16 00:19:21 project0ColinEventLogger [INFO] login joe
2020-12-16 00:19:26 project0ColinEventLogger [INFO] logoutjoe
2020-12-16 00:19:31 project0ColinEventLogger [INFO] login erica
2020-12-16 00:19:47 project0ColinEventLogger [INFO] applyForBankAccount User [username=erica] 100030
2020-12-16 00:19:54 project0ColinEventLogger [INFO] applyForBankAccount User [username=erica] 0
2020-12-16 00:20:13 project0ColinEventLogger [INFO] withdraw User [username=erica] 2 -100
2020-12-16 00:20:13 project0ColinEventLogger [INFO] Current User erica Cannot have a negative balance
2020-12-16 00:20:18 project0ColinEventLogger [INFO] withdraw User [username=erica] 2 1920
2020-12-16 00:20:18 project0ColinEventLogger [INFO] Current User erica Cannot have a negative balance
2020-12-16 00:20:24 project0ColinEventLogger [INFO] withdraw User [username=erica] 2 122
2020-12-16 00:21:00 project0ColinEventLogger [INFO] deposit User [username=erica] 2 100045
2020-12-16 00:21:34 project0ColinEventLogger [INFO] deposit User [username=erica] 6 100045
2020-12-16 00:21:34 project0ColinEventLogger [INFO] Current User erica Invalid Account State
2020-12-16 00:22:24 project0ColinEventLogger [INFO] internalAccountTransfer User [username=erica] 1 2 3
2020-12-16 00:22:24 project0ColinEventLogger [INFO] withdraw User [username=erica] 1 3
2020-12-16 00:22:24 project0ColinEventLogger [INFO] Current User erica Account Not Found
2020-12-16 00:22:29 project0ColinEventLogger [INFO] internalAccountTransfer User [username=erica] 2 4 3
2020-12-16 00:22:29 project0ColinEventLogger [INFO] withdraw User [username=erica] 2 3
2020-12-16 00:22:29 project0ColinEventLogger [INFO] deposit User [username=erica] 4 3
2020-12-16 00:23:52 project0ColinEventLogger [INFO] viewPendingTransfers User [username=erica]
2020-12-16 00:24:12 project0ColinEventLogger [INFO] Current User erica For input string: "100.23?"
2020-12-16 00:24:22 project0ColinEventLogger [INFO] Current User erica For input string: "100.23?"
2020-12-16 00:24:25 project0ColinEventLogger [INFO] externalAccountTransfer User [username=erica] 2 1 10023
2020-12-16 00:24:33 project0ColinEventLogger [INFO] viewPendingTransfers User [username=erica]
2020-12-16 00:24:42 project0ColinEventLogger [INFO] acceptTransfer User [username=erica] 2
2020-12-16 00:24:42 project0ColinEventLogger [INFO] withdraw User [username=kyle] 1 2
2020-12-16 00:24:42 project0ColinEventLogger [INFO] deposit User [username=erica] 2 2
2020-12-16 00:24:54 project0ColinEventLogger [INFO] declineTransfer User [username=erica] 7
2020-12-16 00:25:18 project0ColinEventLogger [INFO] viewPendingTransfers User [username=erica]
2020-12-16 00:25:24 project0ColinEventLogger [INFO] logouterica
2020-12-16 00:25:33 project0ColinEventLogger [INFO] login kurtis
2020-12-16 00:25:50 project0ColinEventLogger [INFO] viewPendingAccountsForCustomer erica
2020-12-16 00:26:07 project0ColinEventLogger [INFO] approveAccount erica 8
2020-12-16 00:26:26 project0ColinEventLogger [INFO] declineAccount erica 7
2020-12-16 00:26:33 project0ColinEventLogger [INFO] viewPendingAccountsForCustomer erica
2020-12-16 00:26:33 project0ColinEventLogger [INFO] Current User kurtis Account Not Found
2020-12-16 00:26:59 project0ColinEventLogger [INFO] logoutkurtis
2020-12-16 00:27:04 project0ColinEventLogger [INFO] login erica
2020-12-16 00:27:11 project0ColinEventLogger [INFO] viewAccounts User [username=erica]
2020-12-16 10:00:07 project0ColinEventLogger [INFO] Program started
2020-12-16 10:00:37 project0ColinEventLogger [INFO] login colin
2020-12-16 10:00:48 project0ColinEventLogger [INFO] registerNewCustomerAccount alec a
2020-12-16 10:00:51 project0ColinEventLogger [INFO] registerNewCustomerAccount alec a
2020-12-16 10:00:51 project0ColinEventLogger [INFO] Current User colin ERROR: duplicate key value violates unique constraint "customers_pkey"
  Detail: Key (username)=(alec) already exists.
2020-12-16 10:00:56 project0ColinEventLogger [INFO] viewPendingAccountsForCustomer eric
2020-12-16 10:00:56 project0ColinEventLogger [INFO] Current User colin Account Not Found
2020-12-16 10:00:58 project0ColinEventLogger [INFO] viewPendingAccountsForCustomer erica
2020-12-16 10:01:05 project0ColinEventLogger [INFO] viewPendingAccountsForCustomer erica
2020-12-16 10:01:13 project0ColinEventLogger [INFO] viewCustomer erica
2020-12-16 10:01:22 project0ColinEventLogger [INFO] approveAccount erica 1
2020-12-16 10:01:22 project0ColinEventLogger [INFO] Current User colin Account Not Found
2020-12-16 10:01:25 project0ColinEventLogger [INFO] approveAccount erica 2
2020-12-16 10:01:32 project0ColinEventLogger [INFO] approveAccount erica 4
2020-12-16 10:01:36 project0ColinEventLogger [INFO] approveAccount erica 6
2020-12-16 10:01:48 project0ColinEventLogger [INFO] declineAccount erica 4
2020-12-16 10:01:48 project0ColinEventLogger [INFO] Current User colin Invalid Account State
Excepted PENDING Got APPROVED
2020-12-16 10:01:53 project0ColinEventLogger [INFO] viewCustomer erica
2020-12-16 10:01:57 project0ColinEventLogger [INFO] viewTransactionLogs
2020-12-16 10:02:08 project0ColinEventLogger [INFO] logoutcolin
2020-12-16 10:02:25 project0ColinEventLogger [INFO] login erica s
2020-12-16 10:02:25 project0ColinEventLogger [INFO] Current User null User Not Found
2020-12-16 10:02:30 project0ColinEventLogger [INFO] login erica
2020-12-16 10:02:40 project0ColinEventLogger [INFO] registerNewCustomerAccount alec s
2020-12-16 10:02:40 project0ColinEventLogger [INFO] Current User erica ERROR: duplicate key value violates unique constraint "customers_pkey"
  Detail: Key (username)=(alec) already exists.
2020-12-16 10:02:45 project0ColinEventLogger [INFO] registerNewCustomerAccount alec a
2020-12-16 10:02:45 project0ColinEventLogger [INFO] Current User erica ERROR: duplicate key value violates unique constraint "customers_pkey"
  Detail: Key (username)=(alec) already exists.
2020-12-16 10:03:16 project0ColinEventLogger [INFO] applyForBankAccount User [username=erica] 100030
2020-12-16 10:03:20 project0ColinEventLogger [INFO] applyForBankAccount User [username=erica] 0
2020-12-16 10:03:27 project0ColinEventLogger [INFO] viewAccounts User [username=erica]
2020-12-16 10:03:54 project0ColinEventLogger [INFO] withdraw User [username=erica] 2 -100
2020-12-16 10:03:54 project0ColinEventLogger [INFO] Current User erica Cannot have a negative balance
2020-12-16 10:04:00 project0ColinEventLogger [INFO] withdraw User [username=erica] 2 122
2020-12-16 10:04:10 project0ColinEventLogger [INFO] deposit User [username=erica] 2 100045
2020-12-16 10:04:17 project0ColinEventLogger [INFO] deposit User [username=erica] 6 100045
2020-12-16 10:04:29 project0ColinEventLogger [INFO] internalAccountTransfer User [username=erica] 1 2 3
2020-12-16 10:04:29 project0ColinEventLogger [INFO] withdraw User [username=erica] 1 3
2020-12-16 10:04:29 project0ColinEventLogger [INFO] Current User erica Account Not Found
2020-12-16 10:04:34 project0ColinEventLogger [INFO] internalAccountTransfer User [username=erica] 2 4 3
2020-12-16 10:04:34 project0ColinEventLogger [INFO] withdraw User [username=erica] 2 3
2020-12-16 10:04:34 project0ColinEventLogger [INFO] deposit User [username=erica] 4 3
2020-12-16 10:05:07 project0ColinEventLogger [INFO] viewPendingTransfers User [username=erica]
2020-12-16 10:05:14 project0ColinEventLogger [INFO] externalAccountTransfer User [username=erica] 2 1 10023
2020-12-16 10:05:21 project0ColinEventLogger [INFO] viewPendingTransfers User [username=erica]
2020-12-16 10:05:26 project0ColinEventLogger [INFO] acceptTransfer User [username=erica] 2
2020-12-16 10:05:27 project0ColinEventLogger [INFO] withdraw User [username=kyle] 1 2
2020-12-16 10:05:27 project0ColinEventLogger [INFO] deposit User [username=erica] 2 2
2020-12-16 10:05:31 project0ColinEventLogger [INFO] declineTransfer User [username=erica] 7
2020-12-16 10:05:37 project0ColinEventLogger [INFO] viewPendingTransfers User [username=erica]
2020-12-16 10:05:54 project0ColinEventLogger [INFO] logouterica
2020-12-16 10:06:01 project0ColinEventLogger [INFO] login kurtis
2020-12-16 10:06:12 project0ColinEventLogger [INFO] viewPendingAccountsForCustomer erica
2020-12-16 10:06:25 project0ColinEventLogger [INFO] approveAccount erica 8
2020-12-16 10:06:47 project0ColinEventLogger [INFO] viewPendingAccountsForCustomer erica
2020-12-16 10:07:04 project0ColinEventLogger [INFO] declineAccount erica 7
2020-12-16 10:07:39 project0ColinEventLogger [INFO] declineAccount erica 7
2020-12-16 10:07:39 project0ColinEventLogger [INFO] Current User kurtis Invalid Account State
Excepted PENDING Got DENIED
2020-12-16 10:07:46 project0ColinEventLogger [INFO] logoutkurtis
2020-12-16 10:07:50 project0ColinEventLogger [INFO] login erica
